2025-05-04T00:08:27.538+05:30  INFO 9820 --- [Event-Consumer] [org.springframework.kafka.KafkaListenerEndpointContainer#0-0-C-1] org.apache.kafka.clients.NetworkClient   : [Consumer clientId=consumer-event-consumer-group-1, groupId=event-consumer-group] Node -1 disconnected.
2025-05-04T00:35:23.211+05:30  INFO 9820 --- [Event-Consumer] [http-nio-8082-exec-1] o.a.c.c.C.[Tomcat].[localhost].[/]       : Initializing Spring DispatcherServlet 'dispatcherServlet'
2025-05-04T00:35:23.291+05:30  INFO 9820 --- [Event-Consumer] [http-nio-8082-exec-1] o.s.web.servlet.DispatcherServlet        : Initializing Servlet 'dispatcherServlet'
2025-05-04T00:35:23.428+05:30  INFO 9820 --- [Event-Consumer] [http-nio-8082-exec-1] o.s.web.servlet.DispatcherServlet        : Completed initialization in 134 ms
2025-05-04T00:35:40.566+05:30  INFO 9820 --- [Event-Consumer] [org.springframework.kafka.KafkaListenerEndpointContainer#0-0-C-1] c.e.E.Consumer.Listener.EventListener    : 📥 Received event from topic [order-events]: {"userId":"109","eventType":"Order Fail","description":"User 109 Order Failed"}
2025-05-04T00:39:31.297+05:30  INFO 9820 --- [Event-Consumer] [org.springframework.kafka.KafkaListenerEndpointContainer#0-0-C-1] k.c.c.i.ConsumerRebalanceListenerInvoker : [Consumer clientId=consumer-event-consumer-group-1, groupId=event-consumer-group] Revoke previously assigned partitions order-events-0, product-events-0, user-events-0
2025-05-04T00:39:31.303+05:30  INFO 9820 --- [Event-Consumer] [org.springframework.kafka.KafkaListenerEndpointContainer#0-0-C-1] o.s.k.l.KafkaMessageListenerContainer    : event-consumer-group: partitions revoked: [order-events-0, product-events-0, user-events-0]
2025-05-04T00:39:31.305+05:30  INFO 9820 --- [Event-Consumer] [org.springframework.kafka.KafkaListenerEndpointContainer#0-0-C-1] o.a.k.c.c.internals.ConsumerCoordinator  : [Consumer clientId=consumer-event-consumer-group-1, groupId=event-consumer-group] Member consumer-event-consumer-group-1-3f053f0e-9919-47ef-b6f7-cc361cd40788 sending LeaveGroup request to coordinator localhost:9092 (id: 2147483646 rack: null) due to the consumer unsubscribed from all topics
2025-05-04T00:39:31.307+05:30  INFO 9820 --- [Event-Consumer] [org.springframework.kafka.KafkaListenerEndpointContainer#0-0-C-1] o.a.k.c.c.internals.ConsumerCoordinator  : [Consumer clientId=consumer-event-consumer-group-1, groupId=event-consumer-group] Resetting generation and member id due to: consumer pro-actively leaving the group
2025-05-04T00:39:31.308+05:30  INFO 9820 --- [Event-Consumer] [org.springframework.kafka.KafkaListenerEndpointContainer#0-0-C-1] o.a.k.c.c.internals.ConsumerCoordinator  : [Consumer clientId=consumer-event-consumer-group-1, groupId=event-consumer-group] Request joining group due to: consumer pro-actively leaving the group
2025-05-04T00:39:31.308+05:30  INFO 9820 --- [Event-Consumer] [org.springframework.kafka.KafkaListenerEndpointContainer#0-0-C-1] o.a.k.c.c.internals.LegacyKafkaConsumer  : [Consumer clientId=consumer-event-consumer-group-1, groupId=event-consumer-group] Unsubscribed all topics or patterns and assigned partitions
2025-05-04T00:39:31.316+05:30  INFO 9820 --- [Event-Consumer] [org.springframework.kafka.KafkaListenerEndpointContainer#0-0-C-1] o.a.k.c.c.internals.ConsumerCoordinator  : [Consumer clientId=consumer-event-consumer-group-1, groupId=event-consumer-group] Resetting generation and member id due to: consumer pro-actively leaving the group
2025-05-04T00:39:31.316+05:30  INFO 9820 --- [Event-Consumer] [org.springframework.kafka.KafkaListenerEndpointContainer#0-0-C-1] o.a.k.c.c.internals.ConsumerCoordinator  : [Consumer clientId=consumer-event-consumer-group-1, groupId=event-consumer-group] Request joining group due to: consumer pro-actively leaving the group
2025-05-04T00:39:31.544+05:30  INFO 9820 --- [Event-Consumer] [org.springframework.kafka.KafkaListenerEndpointContainer#0-0-C-1] o.apache.kafka.common.metrics.Metrics    : Metrics scheduler closed
2025-05-04T00:39:31.545+05:30  INFO 9820 --- [Event-Consumer] [org.springframework.kafka.KafkaListenerEndpointContainer#0-0-C-1] o.apache.kafka.common.metrics.Metrics    : Closing reporter org.apache.kafka.common.metrics.JmxReporter
2025-05-04T00:39:31.551+05:30  INFO 9820 --- [Event-Consumer] [org.springframework.kafka.KafkaListenerEndpointContainer#0-0-C-1] o.apache.kafka.common.metrics.Metrics    : Closing reporter org.apache.kafka.common.telemetry.internals.ClientTelemetryReporter
2025-05-04T00:39:31.551+05:30  INFO 9820 --- [Event-Consumer] [org.springframework.kafka.KafkaListenerEndpointContainer#0-0-C-1] o.apache.kafka.common.metrics.Metrics    : Metrics reporters closed
2025-05-04T00:39:31.593+05:30  INFO 9820 --- [Event-Consumer] [org.springframework.kafka.KafkaListenerEndpointContainer#0-0-C-1] o.a.kafka.common.utils.AppInfoParser     : App info kafka.consumer for consumer-event-consumer-group-1 unregistered
2025-05-04T00:39:31.594+05:30  INFO 9820 --- [Event-Consumer] [org.springframework.kafka.KafkaListenerEndpointContainer#0-0-C-1] o.s.k.l.KafkaMessageListenerContainer    : event-consumer-group: Consumer stopped
2025-05-04T00:39:31.603+05:30  INFO 9820 --- [Event-Consumer] [SpringApplicationShutdownHook] o.s.b.w.e.tomcat.GracefulShutdown        : Commencing graceful shutdown. Waiting for active requests to complete
2025-05-04T00:39:31.618+05:30  INFO 9820 --- [Event-Consumer] [tomcat-shutdown] o.s.b.w.e.tomcat.GracefulShutdown        : Graceful shutdown complete
2025-05-04T00:39:31.627+05:30  INFO 9820 --- [Event-Consumer] [SpringApplicationShutdownHook] j.LocalContainerEntityManagerFactoryBean : Closing JPA EntityManagerFactory for persistence unit 'default'
2025-05-04T00:39:31.638+05:30  INFO 9820 --- [Event-Consumer] [SpringApplicationShutdownHook] com.zaxxer.hikari.HikariDataSource       : HikariPool-1 - Shutdown initiated...
2025-05-04T00:39:31.664+05:30  INFO 9820 --- [Event-Consumer] [SpringApplicationShutdownHook] com.zaxxer.hikari.HikariDataSource       : HikariPool-1 - Shutdown completed.
2025-05-04T00:39:41.892+05:30  INFO 16444 --- [Event-Consumer] [main] c.e.E.Consumer.EventConsumerApplication  : Starting EventConsumerApplication using Java 23.0.1 with PID 16444 (D:\Event Logging Microservice with Kafka\Event-Consumer\target\classes started by saiku in D:\Event Logging Microservice with Kafka\Event-Consumer)
2025-05-04T00:39:41.901+05:30  INFO 16444 --- [Event-Consumer] [main] c.e.E.Consumer.EventConsumerApplication  : No active profile set, falling back to 1 default profile: "default"
2025-05-04T00:39:44.907+05:30  INFO 16444 --- [Event-Consumer] [main] .s.d.r.c.RepositoryConfigurationDelegate : Bootstrapping Spring Data JPA repositories in DEFAULT mode.
2025-05-04T00:39:45.155+05:30  INFO 16444 --- [Event-Consumer] [main] .s.d.r.c.RepositoryConfigurationDelegate : Finished Spring Data repository scanning in 170 ms. Found 1 JPA repository interface.
2025-05-04T00:39:47.093+05:30  INFO 16444 --- [Event-Consumer] [main] o.s.b.w.embedded.tomcat.TomcatWebServer  : Tomcat initialized with port 8082 (http)
2025-05-04T00:39:47.125+05:30  INFO 16444 --- [Event-Consumer] [main] o.apache.catalina.core.StandardService   : Starting service [Tomcat]
2025-05-04T00:39:47.126+05:30  INFO 16444 --- [Event-Consumer] [main] o.apache.catalina.core.StandardEngine    : Starting Servlet engine: [Apache Tomcat/10.1.40]
2025-05-04T00:39:47.260+05:30  INFO 16444 --- [Event-Consumer] [main] o.a.c.c.C.[Tomcat].[localhost].[/]       : Initializing Spring embedded WebApplicationContext
2025-05-04T00:39:47.260+05:30  INFO 16444 --- [Event-Consumer] [main] w.s.c.ServletWebServerApplicationContext : Root WebApplicationContext: initialization completed in 5153 ms
2025-05-04T00:39:47.880+05:30  INFO 16444 --- [Event-Consumer] [main] o.hibernate.jpa.internal.util.LogHelper  : HHH000204: Processing PersistenceUnitInfo [name: default]
2025-05-04T00:39:48.049+05:30  INFO 16444 --- [Event-Consumer] [main] org.hibernate.Version                    : HHH000412: Hibernate ORM core version 6.6.13.Final
2025-05-04T00:39:48.124+05:30  INFO 16444 --- [Event-Consumer] [main] o.h.c.internal.RegionFactoryInitiator    : HHH000026: Second-level cache disabled
2025-05-04T00:39:48.958+05:30  INFO 16444 --- [Event-Consumer] [main] o.s.o.j.p.SpringPersistenceUnitInfo      : No LoadTimeWeaver setup: ignoring JPA class transformer
2025-05-04T00:39:49.048+05:30  INFO 16444 --- [Event-Consumer] [main] com.zaxxer.hikari.HikariDataSource       : HikariPool-1 - Starting...
2025-05-04T00:39:50.091+05:30  INFO 16444 --- [Event-Consumer] [main] com.zaxxer.hikari.pool.HikariPool        : HikariPool-1 - Added connection com.mysql.cj.jdbc.ConnectionImpl@40bf0e15
2025-05-04T00:39:50.096+05:30  INFO 16444 --- [Event-Consumer] [main] com.zaxxer.hikari.HikariDataSource       : HikariPool-1 - Start completed.
2025-05-04T00:39:50.243+05:30  WARN 16444 --- [Event-Consumer] [main] org.hibernate.orm.deprecation            : HHH90000025: MySQL8Dialect does not need to be specified explicitly using 'hibernate.dialect' (remove the property setting and it will be selected by default)
2025-05-04T00:39:50.247+05:30  WARN 16444 --- [Event-Consumer] [main] org.hibernate.orm.deprecation            : HHH90000026: MySQL8Dialect has been deprecated; use org.hibernate.dialect.MySQLDialect instead
2025-05-04T00:39:50.372+05:30  INFO 16444 --- [Event-Consumer] [main] org.hibernate.orm.connections.pooling    : HHH10001005: Database info:
	Database JDBC URL [Connecting through datasource 'HikariDataSource (HikariPool-1)']
	Database driver: undefined/unknown
	Database version: 8.0
	Autocommit mode: undefined/unknown
	Isolation level: undefined/unknown
	Minimum pool size: undefined/unknown
	Maximum pool size: undefined/unknown
2025-05-04T00:39:52.057+05:30  INFO 16444 --- [Event-Consumer] [main] o.h.e.t.j.p.i.JtaPlatformInitiator       : HHH000489: No JTA platform available (set 'hibernate.transaction.jta.platform' to enable JTA platform integration)
2025-05-04T00:39:52.146+05:30  INFO 16444 --- [Event-Consumer] [main] j.LocalContainerEntityManagerFactoryBean : Initialized JPA EntityManagerFactory for persistence unit 'default'
2025-05-04T00:39:52.609+05:30  WARN 16444 --- [Event-Consumer] [main] JpaBaseConfiguration$JpaWebConfiguration : spring.jpa.open-in-view is enabled by default. Therefore, database queries may be performed during view rendering. Explicitly configure spring.jpa.open-in-view to disable this warning
2025-05-04T00:39:53.312+05:30  INFO 16444 --- [Event-Consumer] [main] o.s.b.w.embedded.tomcat.TomcatWebServer  : Tomcat started on port 8082 (http) with context path '/'
2025-05-04T00:39:53.407+05:30  INFO 16444 --- [Event-Consumer] [main] o.a.k.clients.consumer.ConsumerConfig    : ConsumerConfig values: 
	allow.auto.create.topics = true
	auto.commit.interval.ms = 5000
	auto.include.jmx.reporter = true
	auto.offset.reset = earliest
	bootstrap.servers = [localhost:9092]
	check.crcs = true
	client.dns.lookup = use_all_dns_ips
	client.id = consumer-event-consumer-group-1
	client.rack = 
	connections.max.idle.ms = 540000
	default.api.timeout.ms = 60000
	enable.auto.commit = false
	enable.metrics.push = true
	exclude.internal.topics = true
	fetch.max.bytes = 52428800
	fetch.max.wait.ms = 500
	fetch.min.bytes = 1
	group.id = event-consumer-group
	group.instance.id = null
	group.protocol = classic
	group.remote.assignor = null
	heartbeat.interval.ms = 3000
	interceptor.classes = []
	internal.leave.group.on.close = true
	internal.throw.on.fetch.stable.offset.unsupported = false
	isolation.level = read_uncommitted
	key.deserializer = class org.apache.kafka.common.serialization.StringDeserializer
	max.partition.fetch.bytes = 1048576
	max.poll.interval.ms = 300000
	max.poll.records = 500
	metadata.max.age.ms = 300000
	metadata.recovery.strategy = none
	metric.reporters = []
	metrics.num.samples = 2
	metrics.recording.level = INFO
	metrics.sample.window.ms = 30000
	partition.assignment.strategy = [class org.apache.kafka.clients.consumer.RangeAssignor, class org.apache.kafka.clients.consumer.CooperativeStickyAssignor]
	receive.buffer.bytes = 65536
	reconnect.backoff.max.ms = 1000
	reconnect.backoff.ms = 50
	request.timeout.ms = 30000
	retry.backoff.max.ms = 1000
	retry.backoff.ms = 100
	sasl.client.callback.handler.class = null
	sasl.jaas.config = null
	sasl.kerberos.kinit.cmd = /usr/bin/kinit
	sasl.kerberos.min.time.before.relogin = 60000
	sasl.kerberos.service.name = null
	sasl.kerberos.ticket.renew.jitter = 0.05
	sasl.kerberos.ticket.renew.window.factor = 0.8
	sasl.login.callback.handler.class = null
	sasl.login.class = null
	sasl.login.connect.timeout.ms = null
	sasl.login.read.timeout.ms = null
	sasl.login.refresh.buffer.seconds = 300
	sasl.login.refresh.min.period.seconds = 60
	sasl.login.refresh.window.factor = 0.8
	sasl.login.refresh.window.jitter = 0.05
	sasl.login.retry.backoff.max.ms = 10000
	sasl.login.retry.backoff.ms = 100
	sasl.mechanism = GSSAPI
	sasl.oauthbearer.clock.skew.seconds = 30
	sasl.oauthbearer.expected.audience = null
	sasl.oauthbearer.expected.issuer = null
	sasl.oauthbearer.jwks.endpoint.refresh.ms = 3600000
	sasl.oauthbearer.jwks.endpoint.retry.backoff.max.ms = 10000
	sasl.oauthbearer.jwks.endpoint.retry.backoff.ms = 100
	sasl.oauthbearer.jwks.endpoint.url = null
	sasl.oauthbearer.scope.claim.name = scope
	sasl.oauthbearer.sub.claim.name = sub
	sasl.oauthbearer.token.endpoint.url = null
	security.protocol = PLAINTEXT
	security.providers = null
	send.buffer.bytes = 131072
	session.timeout.ms = 45000
	socket.connection.setup.timeout.max.ms = 30000
	socket.connection.setup.timeout.ms = 10000
	ssl.cipher.suites = null
	ssl.enabled.protocols = [TLSv1.2, TLSv1.3]
	ssl.endpoint.identification.algorithm = https
	ssl.engine.factory.class = null
	ssl.key.password = null
	ssl.keymanager.algorithm = SunX509
	ssl.keystore.certificate.chain = null
	ssl.keystore.key = null
	ssl.keystore.location = null
	ssl.keystore.password = null
	ssl.keystore.type = JKS
	ssl.protocol = TLSv1.3
	ssl.provider = null
	ssl.secure.random.implementation = null
	ssl.trustmanager.algorithm = PKIX
	ssl.truststore.certificates = null
	ssl.truststore.location = null
	ssl.truststore.password = null
	ssl.truststore.type = JKS
	value.deserializer = class org.apache.kafka.common.serialization.StringDeserializer

2025-05-04T00:39:53.536+05:30  INFO 16444 --- [Event-Consumer] [main] o.a.k.c.t.i.KafkaMetricsCollector        : initializing Kafka metrics collector
2025-05-04T00:39:53.847+05:30  INFO 16444 --- [Event-Consumer] [main] o.a.kafka.common.utils.AppInfoParser     : Kafka version: 3.8.1
2025-05-04T00:39:53.848+05:30  INFO 16444 --- [Event-Consumer] [main] o.a.kafka.common.utils.AppInfoParser     : Kafka commitId: 70d6ff42debf7e17
2025-05-04T00:39:53.848+05:30  INFO 16444 --- [Event-Consumer] [main] o.a.kafka.common.utils.AppInfoParser     : Kafka startTimeMs: 1746299393845
2025-05-04T00:39:53.854+05:30  INFO 16444 --- [Event-Consumer] [main] o.a.k.c.c.internals.LegacyKafkaConsumer  : [Consumer clientId=consumer-event-consumer-group-1, groupId=event-consumer-group] Subscribed to topic(s): user-events, product-events, order-events
2025-05-04T00:39:53.881+05:30  INFO 16444 --- [Event-Consumer] [main] c.e.E.Consumer.EventConsumerApplication  : Started EventConsumerApplication in 13.185 seconds (process running for 14.632)
2025-05-04T00:39:54.433+05:30  INFO 16444 --- [Event-Consumer] [org.springframework.kafka.KafkaListenerEndpointContainer#0-0-C-1] org.apache.kafka.clients.Metadata        : [Consumer clientId=consumer-event-consumer-group-1, groupId=event-consumer-group] Cluster ID: D4xgkOaoRbmOlMFjYSMHpg
2025-05-04T00:39:54.439+05:30  INFO 16444 --- [Event-Consumer] [org.springframework.kafka.KafkaListenerEndpointContainer#0-0-C-1] o.a.k.c.c.internals.ConsumerCoordinator  : [Consumer clientId=consumer-event-consumer-group-1, groupId=event-consumer-group] Discovered group coordinator localhost:9092 (id: 2147483646 rack: null)
2025-05-04T00:39:54.444+05:30  INFO 16444 --- [Event-Consumer] [org.springframework.kafka.KafkaListenerEndpointContainer#0-0-C-1] o.a.k.c.c.internals.ConsumerCoordinator  : [Consumer clientId=consumer-event-consumer-group-1, groupId=event-consumer-group] (Re-)joining group
2025-05-04T00:39:54.498+05:30  INFO 16444 --- [Event-Consumer] [org.springframework.kafka.KafkaListenerEndpointContainer#0-0-C-1] o.a.k.c.c.internals.ConsumerCoordinator  : [Consumer clientId=consumer-event-consumer-group-1, groupId=event-consumer-group] Request joining group due to: need to re-join with the given member-id: consumer-event-consumer-group-1-6071e33e-ab7f-4bde-8c76-6254b208fba1
2025-05-04T00:39:54.498+05:30  INFO 16444 --- [Event-Consumer] [org.springframework.kafka.KafkaListenerEndpointContainer#0-0-C-1] o.a.k.c.c.internals.ConsumerCoordinator  : [Consumer clientId=consumer-event-consumer-group-1, groupId=event-consumer-group] (Re-)joining group
2025-05-04T00:39:57.540+05:30  INFO 16444 --- [Event-Consumer] [org.springframework.kafka.KafkaListenerEndpointContainer#0-0-C-1] o.a.k.c.c.internals.ConsumerCoordinator  : [Consumer clientId=consumer-event-consumer-group-1, groupId=event-consumer-group] Successfully joined group with generation Generation{generationId=15, memberId='consumer-event-consumer-group-1-6071e33e-ab7f-4bde-8c76-6254b208fba1', protocol='range'}
2025-05-04T00:39:57.555+05:30  INFO 16444 --- [Event-Consumer] [org.springframework.kafka.KafkaListenerEndpointContainer#0-0-C-1] o.a.k.c.c.internals.ConsumerCoordinator  : [Consumer clientId=consumer-event-consumer-group-1, groupId=event-consumer-group] Finished assignment for group at generation 15: {consumer-event-consumer-group-1-6071e33e-ab7f-4bde-8c76-6254b208fba1=Assignment(partitions=[user-events-0, product-events-0, order-events-0])}
2025-05-04T00:39:57.587+05:30  INFO 16444 --- [Event-Consumer] [org.springframework.kafka.KafkaListenerEndpointContainer#0-0-C-1] o.a.k.c.c.internals.ConsumerCoordinator  : [Consumer clientId=consumer-event-consumer-group-1, groupId=event-consumer-group] Successfully synced group in generation Generation{generationId=15, memberId='consumer-event-consumer-group-1-6071e33e-ab7f-4bde-8c76-6254b208fba1', protocol='range'}
2025-05-04T00:39:57.588+05:30  INFO 16444 --- [Event-Consumer] [org.springframework.kafka.KafkaListenerEndpointContainer#0-0-C-1] o.a.k.c.c.internals.ConsumerCoordinator  : [Consumer clientId=consumer-event-consumer-group-1, groupId=event-consumer-group] Notifying assignor about the new Assignment(partitions=[user-events-0, product-events-0, order-events-0])
2025-05-04T00:39:57.596+05:30  INFO 16444 --- [Event-Consumer] [org.springframework.kafka.KafkaListenerEndpointContainer#0-0-C-1] k.c.c.i.ConsumerRebalanceListenerInvoker : [Consumer clientId=consumer-event-consumer-group-1, groupId=event-consumer-group] Adding newly assigned partitions: order-events-0, product-events-0, user-events-0
2025-05-04T00:39:57.620+05:30  INFO 16444 --- [Event-Consumer] [org.springframework.kafka.KafkaListenerEndpointContainer#0-0-C-1] o.a.k.c.c.internals.ConsumerCoordinator  : [Consumer clientId=consumer-event-consumer-group-1, groupId=event-consumer-group] Found no committed offset for partition product-events-0
2025-05-04T00:39:57.622+05:30  INFO 16444 --- [Event-Consumer] [org.springframework.kafka.KafkaListenerEndpointContainer#0-0-C-1] o.a.k.c.c.internals.ConsumerUtils        : Setting offset for partition user-events-0 to the committed offset FetchPosition{offset=4, offsetEpoch=Optional.empty, currentLeader=LeaderAndEpoch{leader=Optional[localhost:9092 (id: 1 rack: null)], epoch=0}}
2025-05-04T00:39:57.622+05:30  INFO 16444 --- [Event-Consumer] [org.springframework.kafka.KafkaListenerEndpointContainer#0-0-C-1] o.a.k.c.c.internals.ConsumerUtils        : Setting offset for partition order-events-0 to the committed offset FetchPosition{offset=8, offsetEpoch=Optional.empty, currentLeader=LeaderAndEpoch{leader=Optional[localhost:9092 (id: 1 rack: null)], epoch=0}}
2025-05-04T00:39:57.656+05:30  INFO 16444 --- [Event-Consumer] [org.springframework.kafka.KafkaListenerEndpointContainer#0-0-C-1] o.a.k.c.c.internals.SubscriptionState    : [Consumer clientId=consumer-event-consumer-group-1, groupId=event-consumer-group] Resetting offset for partition product-events-0 to position FetchPosition{offset=0, offsetEpoch=Optional.empty, currentLeader=LeaderAndEpoch{leader=Optional[localhost:9092 (id: 1 rack: null)], epoch=0}}.
2025-05-04T00:39:57.658+05:30  INFO 16444 --- [Event-Consumer] [org.springframework.kafka.KafkaListenerEndpointContainer#0-0-C-1] o.s.k.l.KafkaMessageListenerContainer    : event-consumer-group: partitions assigned: [order-events-0, product-events-0, user-events-0]
2025-05-04T00:40:14.203+05:30  INFO 16444 --- [Event-Consumer] [http-nio-8082-exec-1] o.a.c.c.C.[Tomcat].[localhost].[/]       : Initializing Spring DispatcherServlet 'dispatcherServlet'
2025-05-04T00:40:14.204+05:30  INFO 16444 --- [Event-Consumer] [http-nio-8082-exec-1] o.s.web.servlet.DispatcherServlet        : Initializing Servlet 'dispatcherServlet'
2025-05-04T00:40:14.207+05:30  INFO 16444 --- [Event-Consumer] [http-nio-8082-exec-1] o.s.web.servlet.DispatcherServlet        : Completed initialization in 3 ms
2025-05-04T00:40:39.380+05:30  INFO 16444 --- [Event-Consumer] [org.springframework.kafka.KafkaListenerEndpointContainer#0-0-C-1] c.e.E.Consumer.Listener.EventListener    : 📥 Received event from topic [order-events]: {"userId":"119","eventType":"Order Fail","description":"User 119 Order Failed"}
2025-05-04T00:48:54.721+05:30  INFO 16444 --- [Event-Consumer] [org.springframework.kafka.KafkaListenerEndpointContainer#0-0-C-1] org.apache.kafka.clients.NetworkClient   : [Consumer clientId=consumer-event-consumer-group-1, groupId=event-consumer-group] Node -1 disconnected.
2025-05-04T00:49:12.247+05:30  INFO 16444 --- [Event-Consumer] [org.springframework.kafka.KafkaListenerEndpointContainer#0-0-C-1] k.c.c.i.ConsumerRebalanceListenerInvoker : [Consumer clientId=consumer-event-consumer-group-1, groupId=event-consumer-group] Revoke previously assigned partitions order-events-0, product-events-0, user-events-0
2025-05-04T00:49:12.263+05:30  INFO 16444 --- [Event-Consumer] [org.springframework.kafka.KafkaListenerEndpointContainer#0-0-C-1] o.s.k.l.KafkaMessageListenerContainer    : event-consumer-group: partitions revoked: [order-events-0, product-events-0, user-events-0]
2025-05-04T00:49:12.269+05:30  INFO 16444 --- [Event-Consumer] [org.springframework.kafka.KafkaListenerEndpointContainer#0-0-C-1] o.a.k.c.c.internals.ConsumerCoordinator  : [Consumer clientId=consumer-event-consumer-group-1, groupId=event-consumer-group] Member consumer-event-consumer-group-1-6071e33e-ab7f-4bde-8c76-6254b208fba1 sending LeaveGroup request to coordinator localhost:9092 (id: 2147483646 rack: null) due to the consumer unsubscribed from all topics
2025-05-04T00:49:12.284+05:30  INFO 16444 --- [Event-Consumer] [org.springframework.kafka.KafkaListenerEndpointContainer#0-0-C-1] o.a.k.c.c.internals.ConsumerCoordinator  : [Consumer clientId=consumer-event-consumer-group-1, groupId=event-consumer-group] Resetting generation and member id due to: consumer pro-actively leaving the group
2025-05-04T00:49:12.286+05:30  INFO 16444 --- [Event-Consumer] [org.springframework.kafka.KafkaListenerEndpointContainer#0-0-C-1] o.a.k.c.c.internals.ConsumerCoordinator  : [Consumer clientId=consumer-event-consumer-group-1, groupId=event-consumer-group] Request joining group due to: consumer pro-actively leaving the group
2025-05-04T00:49:12.291+05:30  INFO 16444 --- [Event-Consumer] [org.springframework.kafka.KafkaListenerEndpointContainer#0-0-C-1] o.a.k.c.c.internals.LegacyKafkaConsumer  : [Consumer clientId=consumer-event-consumer-group-1, groupId=event-consumer-group] Unsubscribed all topics or patterns and assigned partitions
2025-05-04T00:49:12.303+05:30  INFO 16444 --- [Event-Consumer] [org.springframework.kafka.KafkaListenerEndpointContainer#0-0-C-1] o.a.k.c.c.internals.ConsumerCoordinator  : [Consumer clientId=consumer-event-consumer-group-1, groupId=event-consumer-group] Resetting generation and member id due to: consumer pro-actively leaving the group
2025-05-04T00:49:12.304+05:30  INFO 16444 --- [Event-Consumer] [org.springframework.kafka.KafkaListenerEndpointContainer#0-0-C-1] o.a.k.c.c.internals.ConsumerCoordinator  : [Consumer clientId=consumer-event-consumer-group-1, groupId=event-consumer-group] Request joining group due to: consumer pro-actively leaving the group
2025-05-04T00:49:12.481+05:30  INFO 16444 --- [Event-Consumer] [org.springframework.kafka.KafkaListenerEndpointContainer#0-0-C-1] o.apache.kafka.common.metrics.Metrics    : Metrics scheduler closed
2025-05-04T00:49:12.483+05:30  INFO 16444 --- [Event-Consumer] [org.springframework.kafka.KafkaListenerEndpointContainer#0-0-C-1] o.apache.kafka.common.metrics.Metrics    : Closing reporter org.apache.kafka.common.metrics.JmxReporter
2025-05-04T00:49:12.486+05:30  INFO 16444 --- [Event-Consumer] [org.springframework.kafka.KafkaListenerEndpointContainer#0-0-C-1] o.apache.kafka.common.metrics.Metrics    : Closing reporter org.apache.kafka.common.telemetry.internals.ClientTelemetryReporter
2025-05-04T00:49:12.487+05:30  INFO 16444 --- [Event-Consumer] [org.springframework.kafka.KafkaListenerEndpointContainer#0-0-C-1] o.apache.kafka.common.metrics.Metrics    : Metrics reporters closed
2025-05-04T00:49:12.532+05:30  INFO 16444 --- [Event-Consumer] [org.springframework.kafka.KafkaListenerEndpointContainer#0-0-C-1] o.a.kafka.common.utils.AppInfoParser     : App info kafka.consumer for consumer-event-consumer-group-1 unregistered
2025-05-04T00:49:12.540+05:30  INFO 16444 --- [Event-Consumer] [org.springframework.kafka.KafkaListenerEndpointContainer#0-0-C-1] o.s.k.l.KafkaMessageListenerContainer    : event-consumer-group: Consumer stopped
2025-05-04T00:49:12.561+05:30  INFO 16444 --- [Event-Consumer] [SpringApplicationShutdownHook] o.s.b.w.e.tomcat.GracefulShutdown        : Commencing graceful shutdown. Waiting for active requests to complete
2025-05-04T00:49:12.582+05:30  INFO 16444 --- [Event-Consumer] [tomcat-shutdown] o.s.b.w.e.tomcat.GracefulShutdown        : Graceful shutdown complete
2025-05-04T00:49:12.601+05:30  INFO 16444 --- [Event-Consumer] [SpringApplicationShutdownHook] j.LocalContainerEntityManagerFactoryBean : Closing JPA EntityManagerFactory for persistence unit 'default'
2025-05-04T00:49:12.631+05:30  INFO 16444 --- [Event-Consumer] [SpringApplicationShutdownHook] com.zaxxer.hikari.HikariDataSource       : HikariPool-1 - Shutdown initiated...
2025-05-04T00:49:12.772+05:30  INFO 16444 --- [Event-Consumer] [SpringApplicationShutdownHook] com.zaxxer.hikari.HikariDataSource       : HikariPool-1 - Shutdown completed.
